<?xml version="1.0" encoding="UTF-8"?>
<!-- Generated by org.testng.reporters.JUnitXMLReporter -->
<testsuite ignored="0" hostname="User" failures="0" tests="3" name="Default test" time="0.141" errors="0" timestamp="2023-04-04T23:54:15 IST">
  <testcase classname="TestNGPack.VerifyForgotPasswodPage" name="@BeforeTest openBrowser" time="-1.680632655292E9">
    <failure type="org.testng.TestNGException" message="
Parameter &amp;apos;browser&amp;apos; is required by BeforeTest on method openBrowser but has not been marked @Optional or defined
in C:\Users\Admin\AppData\Local\Temp\testng-eclipse--1281381366\testng-customsuite.xml">
      <![CDATA[org.testng.TestNGException: 
Parameter 'browser' is required by BeforeTest on method openBrowser but has not been marked @Optional or defined
in C:\Users\Admin\AppData\Local\Temp\testng-eclipse--1281381366\testng-customsuite.xml
at org.testng.internal.Parameters.createParams(Parameters.java:270)
at org.testng.internal.Parameters.createParametersForMethod(Parameters.java:358)
at org.testng.internal.Parameters.createParameters(Parameters.java:700)
at org.testng.internal.Parameters.createConfigurationParameters(Parameters.java:168)
at org.testng.internal.ConfigInvoker.invokeConfigurations(ConfigInvoker.java:302)
at org.testng.TestRunner.invokeTestConfigurations(TestRunner.java:637)
at org.testng.TestRunner.beforeRun(TestRunner.java:627)
at org.testng.TestRunner.run(TestRunner.java:589)
at org.testng.SuiteRunner.runTest(SuiteRunner.java:377)
at org.testng.SuiteRunner.runSequentially(SuiteRunner.java:371)
at org.testng.SuiteRunner.privateRun(SuiteRunner.java:332)
at org.testng.SuiteRunner.run(SuiteRunner.java:276)
at org.testng.SuiteRunnerWorker.runSuite(SuiteRunnerWorker.java:53)
at org.testng.SuiteRunnerWorker.run(SuiteRunnerWorker.java:96)
at org.testng.TestNG.runSuitesSequentially(TestNG.java:1212)
at org.testng.TestNG.runSuitesLocally(TestNG.java:1134)
at org.testng.TestNG.runSuites(TestNG.java:1063)
at org.testng.TestNG.run(TestNG.java:1031)
at org.testng.remote.AbstractRemoteTestNG.run(AbstractRemoteTestNG.java:115)
at org.testng.remote.RemoteTestNG.initAndRun(RemoteTestNG.java:251)
at org.testng.remote.RemoteTestNG.main(RemoteTestNG.java:77)
]]>
    </failure>
  </testcase> <!-- @BeforeTest openBrowser -->
  <testcase classname="TestNGPack.VerifyForgotPasswodPage" name="@BeforeClass beforeclass" time="-1.680632655336E9">
    <skipped/>
  </testcase> <!-- @BeforeClass beforeclass -->
  <testcase classname="TestNGPack.VerifyForgotPasswodPage" name="@BeforeMethod goToForgotPasswodPage" time="-1.680632655367E9">
    <skipped/>
  </testcase> <!-- @BeforeMethod goToForgotPasswodPage -->
  <testcase classname="TestNGPack.VerifyForgotPasswodPage" name="@AfterMethod logoutFromApplicatiion" time="-1.680632655382E9">
    <skipped/>
  </testcase> <!-- @AfterMethod logoutFromApplicatiion -->
  <testcase classname="TestNGPack.VerifyForgotPasswodPage" name="@BeforeMethod goToForgotPasswodPage" time="-1.680632655389E9">
    <skipped/>
  </testcase> <!-- @BeforeMethod goToForgotPasswodPage -->
  <testcase classname="TestNGPack.VerifyForgotPasswodPage" name="@AfterMethod logoutFromApplicatiion" time="-1.680632655396E9">
    <skipped/>
  </testcase> <!-- @AfterMethod logoutFromApplicatiion -->
  <testcase classname="TestNGPack.VerifyForgotPasswodPage" name="@BeforeMethod goToForgotPasswodPage" time="-1.680632655399E9">
    <skipped/>
  </testcase> <!-- @BeforeMethod goToForgotPasswodPage -->
  <testcase classname="TestNGPack.VerifyForgotPasswodPage" name="@AfterMethod logoutFromApplicatiion" time="-1.680632655405E9">
    <skipped/>
  </testcase> <!-- @AfterMethod logoutFromApplicatiion -->
  <testcase classname="TestNGPack.VerifyForgotPasswodPage" name="@AfterClass afterClass" time="-1.68063265541E9">
    <skipped/>
  </testcase> <!-- @AfterClass afterClass -->
  <testcase classname="TestNGPack.VerifyForgotPasswodPage" name="@AfterTest closedBrowser" time="-1.68063265542E9">
    <skipped/>
  </testcase> <!-- @AfterTest closedBrowser -->
  <testcase classname="TestNGPack.VerifyForgotPasswodPage" name="verifyMessageOnForgotPasswordPage" time="0.0">
    <skipped/>
  </testcase> <!-- verifyMessageOnForgotPasswordPage -->
  <testcase classname="TestNGPack.VerifyForgotPasswodPage" name="verifyCancleButtonForgotPasswardPage" time="0.0">
    <skipped/>
  </testcase> <!-- verifyCancleButtonForgotPasswardPage -->
  <testcase classname="TestNGPack.VerifyForgotPasswodPage" name="veriffySearchFunctionOnForgotPasswordPage" time="0.0">
    <skipped/>
  </testcase> <!-- veriffySearchFunctionOnForgotPasswordPage -->
</testsuite> <!-- Default test -->
