<?xml version="1.0" encoding="UTF-8"?>
<!-- Generated by org.testng.reporters.JUnitXMLReporter -->
<testsuite ignored="0" hostname="User" failures="0" tests="5" name="FirefoxText" time="164.245" errors="0" timestamp="2023-04-05T00:25:22 IST">
  <testcase classname="TestNGPack.VerifyForgotPasswodPage" name="@BeforeClass beforeclass" time="20.673">
    <failure type="org.openqa.selenium.NoSuchElementException" message="Unable to locate element: //a[text()=&amp;apos;Forgotten password?&amp;apos;]
For documentation on this error, please visit: https://www.seleniumhq.org/exceptions/no_such_element.html
Build info: version: &amp;apos;3.141.59&amp;apos;, revision: &amp;apos;e82be7d358&amp;apos;, time: &amp;apos;2018-11-14T08:17:03&amp;apos;
System info: host: &amp;apos;USER&amp;apos;, ip: &amp;apos;192.168.43.126&amp;apos;, os.name: &amp;apos;Windows 8.1&amp;apos;, os.arch: &amp;apos;amd64&amp;apos;, os.version: &amp;apos;6.3&amp;apos;, java.version: &amp;apos;17.0.5&amp;apos;
Driver info: org.openqa.selenium.firefox.FirefoxDriver
Capabilities {acceptInsecureCerts: true, browserName: firefox, browserVersion: 111.0.1, javascriptEnabled: true, moz:accessibilityChecks: false, moz:buildID: 20230321111920, moz:geckodriverVersion: 0.32.2, moz:headless: false, moz:platformVersion: 6.3, moz:processID: 4836, moz:profile: C:\Users\Admin\AppData\Loca..., moz:shutdownTimeout: 60000, moz:useNonSpecCompliantPointerOrigin: false, moz:webdriverClick: true, moz:windowless: false, pageLoadStrategy: normal, platform: WINDOWS, platformName: WINDOWS, proxy: Proxy(), setWindowRect: true, strictFileInteractability: false, timeouts: {implicit: 0, pageLoad: 300000, script: 30000}, unhandledPromptBehavior: dismiss and notify}
Session ID: aa8de67b-c353-4e8d-9840-37374023f58d
*** Element info: {Using=xpath, value=//a[text()=&amp;apos;Forgotten password?&amp;apos;]}">
      <![CDATA[org.openqa.selenium.NoSuchElementException: Unable to locate element: //a[text()='Forgotten password?']
For documentation on this error, please visit: https://www.seleniumhq.org/exceptions/no_such_element.html
Build info: version: '3.141.59', revision: 'e82be7d358', time: '2018-11-14T08:17:03'
System info: host: 'USER', ip: '192.168.43.126', os.name: 'Windows 8.1', os.arch: 'amd64', os.version: '6.3', java.version: '17.0.5'
Driver info: org.openqa.selenium.firefox.FirefoxDriver
Capabilities {acceptInsecureCerts: true, browserName: firefox, browserVersion: 111.0.1, javascriptEnabled: true, moz:accessibilityChecks: false, moz:buildID: 20230321111920, moz:geckodriverVersion: 0.32.2, moz:headless: false, moz:platformVersion: 6.3, moz:processID: 4836, moz:profile: C:\Users\Admin\AppData\Loca..., moz:shutdownTimeout: 60000, moz:useNonSpecCompliantPointerOrigin: false, moz:webdriverClick: true, moz:windowless: false, pageLoadStrategy: normal, platform: WINDOWS, platformName: WINDOWS, proxy: Proxy(), setWindowRect: true, strictFileInteractability: false, timeouts: {implicit: 0, pageLoad: 300000, script: 30000}, unhandledPromptBehavior: dismiss and notify}
Session ID: aa8de67b-c353-4e8d-9840-37374023f58d
*** Element info: {Using=xpath, value=//a[text()='Forgotten password?']}
at org.openqa.selenium.remote.http.W3CHttpResponseCodec.createException(W3CHttpResponseCodec.java:187)
at org.openqa.selenium.remote.http.W3CHttpResponseCodec.decode(W3CHttpResponseCodec.java:122)
at org.openqa.selenium.remote.http.W3CHttpResponseCodec.decode(W3CHttpResponseCodec.java:49)
at org.openqa.selenium.remote.HttpCommandExecutor.execute(HttpCommandExecutor.java:158)
at org.openqa.selenium.remote.service.DriverCommandExecutor.execute(DriverCommandExecutor.java:83)
at org.openqa.selenium.remote.RemoteWebDriver.execute(RemoteWebDriver.java:552)
at org.openqa.selenium.remote.RemoteWebDriver.findElement(RemoteWebDriver.java:323)
at org.openqa.selenium.remote.RemoteWebDriver.findElementByXPath(RemoteWebDriver.java:428)
at org.openqa.selenium.By$ByXPath.findElement(By.java:353)
at org.openqa.selenium.remote.RemoteWebDriver.findElement(RemoteWebDriver.java:315)
at org.openqa.selenium.support.pagefactory.DefaultElementLocator.findElement(DefaultElementLocator.java:69)
at org.openqa.selenium.support.pagefactory.internal.LocatingElementHandler.invoke(LocatingElementHandler.java:38)
at jdk.proxy2/jdk.proxy2.$Proxy17.click(Unknown Source)
at Page.LoginPage.clickOnForgotPasswoed(LoginPage.java:42)
at TestNGPack.VerifyForgotPasswodPage.beforeclass(VerifyForgotPasswodPage.java:54)
at java.base/java.util.concurrent.ThreadPoolExecutor.runWorker(ThreadPoolExecutor.java:1136)
at java.base/java.util.concurrent.ThreadPoolExecutor$Worker.run(ThreadPoolExecutor.java:635)
at java.base/java.lang.Thread.run(Thread.java:833)
... Removed 15 stack frames]]>
    </failure>
  </testcase> <!-- @BeforeClass beforeclass -->
  <testcase classname="TestNGPack.VerifyForgotPasswodPage" name="@BeforeMethod goToForgotPasswodPage" time="-1.680634424507E9">
    <skipped/>
  </testcase> <!-- @BeforeMethod goToForgotPasswodPage -->
  <testcase classname="TestNGPack.VerifyForgotPasswodPage" name="@AfterMethod logoutFromApplicatiion" time="-1.68063442453E9">
    <skipped/>
  </testcase> <!-- @AfterMethod logoutFromApplicatiion -->
  <testcase classname="TestNGPack.VerifyForgotPasswodPage" name="@BeforeMethod goToForgotPasswodPage" time="-1.680634424536E9">
    <skipped/>
  </testcase> <!-- @BeforeMethod goToForgotPasswodPage -->
  <testcase classname="TestNGPack.VerifyForgotPasswodPage" name="@AfterMethod logoutFromApplicatiion" time="-1.680634424544E9">
    <skipped/>
  </testcase> <!-- @AfterMethod logoutFromApplicatiion -->
  <testcase classname="TestNGPack.VerifyForgotPasswodPage" name="@BeforeMethod goToForgotPasswodPage" time="-1.680634424546E9">
    <skipped/>
  </testcase> <!-- @BeforeMethod goToForgotPasswodPage -->
  <testcase classname="TestNGPack.VerifyForgotPasswodPage" name="@AfterMethod logoutFromApplicatiion" time="-1.680634424555E9">
    <skipped/>
  </testcase> <!-- @AfterMethod logoutFromApplicatiion -->
  <testcase classname="TestNGPack.VerifyForgotPasswodPage" name="@AfterClass afterClass" time="-1.680634424558E9">
    <skipped/>
  </testcase> <!-- @AfterClass afterClass -->
  <testcase classname="TestNGPack.VerifyForgotPasswodPage" name="@AfterTest closedBrowser" time="-1.680634522403E9">
    <skipped/>
  </testcase> <!-- @AfterTest closedBrowser -->
  <testcase classname="TestNGPack.VerifySignUpPage" name="@AfterTest closedBrowser" time="-1.680634522405E9">
    <skipped/>
  </testcase> <!-- @AfterTest closedBrowser -->
  <testcase classname="TestNGPack.VerifyForgotPasswodPage" name="verifyMessageOnForgotPasswordPage" time="0.0">
    <skipped/>
  </testcase> <!-- verifyMessageOnForgotPasswordPage -->
  <testcase classname="TestNGPack.VerifyForgotPasswodPage" name="verifyCancleButtonForgotPasswardPage" time="0.0">
    <skipped/>
  </testcase> <!-- verifyCancleButtonForgotPasswardPage -->
  <testcase classname="TestNGPack.VerifyForgotPasswodPage" name="veriffySearchFunctionOnForgotPasswordPage" time="0.0">
    <skipped/>
  </testcase> <!-- veriffySearchFunctionOnForgotPasswordPage -->
  <testcase classname="TestNGPack.VerifySignUpPage" name="verifySignInFunctionality" time="27.416"/>
  <testcase classname="TestNGPack.VerifySignUpPage" name="verifyErrorMessagePresentonSignUpPopUp" time="3.13"/>
</testsuite> <!-- FirefoxText -->
