<?xml version="1.0" encoding="UTF-8"?>
<!-- Generated by org.testng.reporters.JUnitXMLReporter -->
<testsuite ignored="0" hostname="User" failures="0" tests="5" name="OperaTest" time="22.47" errors="0" timestamp="2023-03-24T16:34:18 IST">
  <testcase classname="TestNGPack.VerifyForgotPasswodPage" name="@BeforeTest openBrowser" time="22.387">
    <failure type="org.openqa.selenium.SessionNotCreatedException" message="session not created: This version of OperaDriver only supports Opera version 111
Current browser version is 109.0.5414.120 with binary path C:\Users\Admin\AppData\Local\Programs\Opera\95.0.4635.80\opera.exe
  (Driver info: operadriver=111.0.5563.65 (e4830ceddc221b83dbca59c8d293ee9fd44ee868-refs/branch-heads/5563@{#996}),platform=Windows NT 6.3.9600 x86_64) (WARNING: The server did not provide any stacktrace information)
Command duration or timeout: 20.65 seconds
Build info: version: &amp;apos;3.141.59&amp;apos;, revision: &amp;apos;e82be7d358&amp;apos;, time: &amp;apos;2018-11-14T08:17:03&amp;apos;
System info: host: &amp;apos;USER&amp;apos;, ip: &amp;apos;192.168.43.126&amp;apos;, os.name: &amp;apos;Windows 8.1&amp;apos;, os.arch: &amp;apos;amd64&amp;apos;, os.version: &amp;apos;6.3&amp;apos;, java.version: &amp;apos;17.0.5&amp;apos;
Driver info: driver.version: OperaDriver">
      <![CDATA[org.openqa.selenium.SessionNotCreatedException: session not created: This version of OperaDriver only supports Opera version 111
Current browser version is 109.0.5414.120 with binary path C:\Users\Admin\AppData\Local\Programs\Opera\95.0.4635.80\opera.exe
  (Driver info: operadriver=111.0.5563.65 (e4830ceddc221b83dbca59c8d293ee9fd44ee868-refs/branch-heads/5563@{#996}),platform=Windows NT 6.3.9600 x86_64) (WARNING: The server did not provide any stacktrace information)
Command duration or timeout: 20.65 seconds
Build info: version: '3.141.59', revision: 'e82be7d358', time: '2018-11-14T08:17:03'
System info: host: 'USER', ip: '192.168.43.126', os.name: 'Windows 8.1', os.arch: 'amd64', os.version: '6.3', java.version: '17.0.5'
Driver info: driver.version: OperaDriver
at org.openqa.selenium.remote.ErrorHandler.createThrowable(ErrorHandler.java:214)
at org.openqa.selenium.remote.ErrorHandler.throwIfResponseFailed(ErrorHandler.java:166)
at org.openqa.selenium.remote.JsonWireProtocolResponse.lambda$errorHandler$0(JsonWireProtocolResponse.java:54)
at org.openqa.selenium.remote.HandshakeResponse.lambda$getResponseFunction$0(HandshakeResponse.java:30)
at org.openqa.selenium.remote.ProtocolHandshake.lambda$createSession$0(ProtocolHandshake.java:126)
at java.base/java.util.stream.ReferencePipeline$3$1.accept(ReferencePipeline.java:197)
at java.base/java.util.Spliterators$ArraySpliterator.tryAdvance(Spliterators.java:1002)
at java.base/java.util.stream.ReferencePipeline.forEachWithCancel(ReferencePipeline.java:129)
at java.base/java.util.stream.AbstractPipeline.copyIntoWithCancel(AbstractPipeline.java:527)
at java.base/java.util.stream.AbstractPipeline.copyInto(AbstractPipeline.java:513)
at java.base/java.util.stream.AbstractPipeline.wrapAndCopyInto(AbstractPipeline.java:499)
at java.base/java.util.stream.FindOps$FindOp.evaluateSequential(FindOps.java:150)
at java.base/java.util.stream.AbstractPipeline.evaluate(AbstractPipeline.java:234)
at java.base/java.util.stream.ReferencePipeline.findFirst(ReferencePipeline.java:647)
at org.openqa.selenium.remote.ProtocolHandshake.createSession(ProtocolHandshake.java:128)
at org.openqa.selenium.remote.ProtocolHandshake.createSession(ProtocolHandshake.java:74)
at org.openqa.selenium.remote.HttpCommandExecutor.execute(HttpCommandExecutor.java:136)
at org.openqa.selenium.remote.service.DriverCommandExecutor.execute(DriverCommandExecutor.java:83)
at org.openqa.selenium.remote.RemoteWebDriver.execute(RemoteWebDriver.java:552)
at org.openqa.selenium.remote.RemoteWebDriver.startSession(RemoteWebDriver.java:213)
at org.openqa.selenium.remote.RemoteWebDriver.<init>(RemoteWebDriver.java:131)
at org.openqa.selenium.opera.OperaDriver.<init>(OperaDriver.java:173)
at org.openqa.selenium.opera.OperaDriver.<init>(OperaDriver.java:160)
at org.openqa.selenium.opera.OperaDriver.<init>(OperaDriver.java:115)
at TestNGPack.VerifyForgotPasswodPage.openBrowser(VerifyForgotPasswodPage.java:49)
... Removed 29 stack frames]]>
    </failure>
  </testcase> <!-- @BeforeTest openBrowser -->
  <testcase classname="TestNGPack.VerifySignUpPage" name="@BeforeTest openBrowser" time="-1.679655858539E9">
    <skipped/>
  </testcase> <!-- @BeforeTest openBrowser -->
  <testcase classname="TestNGPack.VerifySignUpPage" name="@BeforeClass beforeClass" time="-1.679655858544E9">
    <skipped/>
  </testcase> <!-- @BeforeClass beforeClass -->
  <testcase classname="TestNGPack.VerifySignUpPage" name="@BeforeMethod goToSignUpPage" time="-1.679655858547E9">
    <skipped/>
  </testcase> <!-- @BeforeMethod goToSignUpPage -->
  <testcase classname="TestNGPack.VerifySignUpPage" name="@AfterMethod logoutFromApplicatiion" time="-1.679655858556E9">
    <skipped/>
  </testcase> <!-- @AfterMethod logoutFromApplicatiion -->
  <testcase classname="TestNGPack.VerifySignUpPage" name="@BeforeMethod goToSignUpPage" time="-1.679655858559E9">
    <skipped/>
  </testcase> <!-- @BeforeMethod goToSignUpPage -->
  <testcase classname="TestNGPack.VerifySignUpPage" name="@AfterMethod logoutFromApplicatiion" time="-1.679655858565E9">
    <skipped/>
  </testcase> <!-- @AfterMethod logoutFromApplicatiion -->
  <testcase classname="TestNGPack.VerifySignUpPage" name="@AfterClass afterClass" time="-1.679655858568E9">
    <skipped/>
  </testcase> <!-- @AfterClass afterClass -->
  <testcase classname="TestNGPack.VerifyForgotPasswodPage" name="@BeforeClass beforeclass" time="-1.679655858571E9">
    <skipped/>
  </testcase> <!-- @BeforeClass beforeclass -->
  <testcase classname="TestNGPack.VerifyForgotPasswodPage" name="@BeforeMethod goToForgotPasswodPage" time="-1.679655858573E9">
    <skipped/>
  </testcase> <!-- @BeforeMethod goToForgotPasswodPage -->
  <testcase classname="TestNGPack.VerifyForgotPasswodPage" name="@AfterMethod logoutFromApplicatiion" time="-1.679655858579E9">
    <skipped/>
  </testcase> <!-- @AfterMethod logoutFromApplicatiion -->
  <testcase classname="TestNGPack.VerifyForgotPasswodPage" name="@BeforeMethod goToForgotPasswodPage" time="-1.679655858582E9">
    <skipped/>
  </testcase> <!-- @BeforeMethod goToForgotPasswodPage -->
  <testcase classname="TestNGPack.VerifyForgotPasswodPage" name="@AfterMethod logoutFromApplicatiion" time="-1.679655858587E9">
    <skipped/>
  </testcase> <!-- @AfterMethod logoutFromApplicatiion -->
  <testcase classname="TestNGPack.VerifyForgotPasswodPage" name="@BeforeMethod goToForgotPasswodPage" time="-1.67965585859E9">
    <skipped/>
  </testcase> <!-- @BeforeMethod goToForgotPasswodPage -->
  <testcase classname="TestNGPack.VerifyForgotPasswodPage" name="@AfterMethod logoutFromApplicatiion" time="-1.679655858595E9">
    <skipped/>
  </testcase> <!-- @AfterMethod logoutFromApplicatiion -->
  <testcase classname="TestNGPack.VerifyForgotPasswodPage" name="@AfterClass afterClass" time="-1.679655858596E9">
    <skipped/>
  </testcase> <!-- @AfterClass afterClass -->
  <testcase classname="TestNGPack.VerifyForgotPasswodPage" name="@AfterTest closedBrowser" time="-1.679655858598E9">
    <skipped/>
  </testcase> <!-- @AfterTest closedBrowser -->
  <testcase classname="TestNGPack.VerifySignUpPage" name="@AfterTest closedBrowser" time="-1.6796558586E9">
    <skipped/>
  </testcase> <!-- @AfterTest closedBrowser -->
  <testcase classname="TestNGPack.VerifySignUpPage" name="verifySignInFunctionality" time="0.0">
    <skipped/>
  </testcase> <!-- verifySignInFunctionality -->
  <testcase classname="TestNGPack.VerifySignUpPage" name="verifyErrorMessagePresentonSignUpPopUp" time="0.0">
    <skipped/>
  </testcase> <!-- verifyErrorMessagePresentonSignUpPopUp -->
  <testcase classname="TestNGPack.VerifyForgotPasswodPage" name="verifyMessageOnForgotPasswordPage" time="0.0">
    <skipped/>
  </testcase> <!-- verifyMessageOnForgotPasswordPage -->
  <testcase classname="TestNGPack.VerifyForgotPasswodPage" name="verifyCancleButtonForgotPasswardPage" time="0.0">
    <skipped/>
  </testcase> <!-- verifyCancleButtonForgotPasswardPage -->
  <testcase classname="TestNGPack.VerifyForgotPasswodPage" name="veriffySearchFunctionOnForgotPasswordPage" time="0.0">
    <skipped/>
  </testcase> <!-- veriffySearchFunctionOnForgotPasswordPage -->
</testsuite> <!-- OperaTest -->
