<?xml version="1.0" encoding="UTF-8"?>
<!-- Generated by org.testng.reporters.JUnitXMLReporter -->
<testsuite ignored="0" hostname="User" failures="1" tests="5" name="Test11" time="33.574" errors="0" timestamp="2023-03-23T22:03:37 IST">
  <testcase classname="TestNGPack.VerifySignUpPage" name="verifySignInFunctionality" time="3.123"/>
  <testcase classname="TestNGPack.VerifySignUpPage" name="verifyErrorMessagePresentonSignUpPopUp" time="2.003"/>
  <testcase classname="TestNGPack.VerifyForgotPasswodPage" name="verifyMessageOnForgotPasswordPage" time="0.094"/>
  <testcase classname="TestNGPack.VerifyForgotPasswodPage" name="verifyCancleButtonForgotPasswardPage" time="0.111"/>
  <testcase classname="TestNGPack.VerifyForgotPasswodPage" name="veriffySearchFunctionOnForgotPasswordPage" time="0.402">
    <failure type="java.lang.AssertionError" message="expected [ankita] but found [ankkita]">
      <![CDATA[java.lang.AssertionError: expected [ankita] but found [ankkita]
at TestNGPack.VerifyForgotPasswodPage.veriffySearchFunctionOnForgotPasswordPage(VerifyForgotPasswodPage.java:74)
at java.base/java.util.ArrayList.forEach(ArrayList.java:1511)
... Removed 33 stack frames]]>
    </failure>
  </testcase> <!-- veriffySearchFunctionOnForgotPasswordPage -->
</testsuite> <!-- Test11 -->
